[INFO] Starting processing of generated files...
[INFO] Launching process for /home/shema_thomas/project/work/testbench/workloads/json-telemetry-pipeline_mtp_workaround/data/output/telemetry_3_34d1c7c1be9a45d49f6bcdf1a9ad3506.json
[INFO] Launching process for /home/shema_thomas/project/work/testbench/workloads/json-telemetry-pipeline_mtp_workaround/data/output/telemetry_0_f8138e0b573b4678b1e8547ec060eadb.json
[INFO] Launching process for /home/shema_thomas/project/work/testbench/workloads/json-telemetry-pipeline_mtp_workaround/data/output/telemetry_1_97fb9bc6c39e499e8e2010a987c12b32.json
[INFO] Launching process for /home/shema_thomas/project/work/testbench/workloads/json-telemetry-pipeline_mtp_workaround/data/output/telemetry_4_b46cc2ba346f4d2d96fdf76f73222d15.json
[INFO] Launching process for /home/shema_thomas/project/work/testbench/workloads/json-telemetry-pipeline_mtp_workaround/data/output/telemetry_2_bc519ad395f64653b1021216d129897e.json
[INFO] Processed /home/shema_thomas/project/work/testbench/workloads/json-telemetry-pipeline_mtp_workaround/data/output/telemetry_1_97fb9bc6c39e499e8e2010a987c12b32.json, results saved to /home/shema_thomas/project/work/testbench/workloads/json-telemetry-pipeline_mtp_workaround/data/output/telemetry_1_97fb9bc6c39e499e8e2010a987c12b32_output.json
[INFO] Processed /home/shema_thomas/project/work/testbench/workloads/json-telemetry-pipeline_mtp_workaround/data/output/telemetry_0_f8138e0b573b4678b1e8547ec060eadb.json, results saved to /home/shema_thomas/project/work/testbench/workloads/json-telemetry-pipeline_mtp_workaround/data/output/telemetry_0_f8138e0b573b4678b1e8547ec060eadb_output.json
[INFO] Processed /home/shema_thomas/project/work/testbench/workloads/json-telemetry-pipeline_mtp_workaround/data/output/telemetry_3_34d1c7c1be9a45d49f6bcdf1a9ad3506.json, results saved to /home/shema_thomas/project/work/testbench/workloads/json-telemetry-pipeline_mtp_workaround/data/output/telemetry_3_34d1c7c1be9a45d49f6bcdf1a9ad3506_output.json
[INFO] Processed /home/shema_thomas/project/work/testbench/workloads/json-telemetry-pipeline_mtp_workaround/data/output/telemetry_4_b46cc2ba346f4d2d96fdf76f73222d15.json, results saved to /home/shema_thomas/project/work/testbench/workloads/json-telemetry-pipeline_mtp_workaround/data/output/telemetry_4_b46cc2ba346f4d2d96fdf76f73222d15_output.json
[INFO] Processed /home/shema_thomas/project/work/testbench/workloads/json-telemetry-pipeline_mtp_workaround/data/output/telemetry_2_bc519ad395f64653b1021216d129897e.json, results saved to /home/shema_thomas/project/work/testbench/workloads/json-telemetry-pipeline_mtp_workaround/data/output/telemetry_2_bc519ad395f64653b1021216d129897e_output.json
[INFO] All files processed in parallel.
	Command being timed: "python3 -m app.main"
	User time (seconds): 20.95
	System time (seconds): 1.96
	Percent of CPU this job got: 624%
	Elapsed (wall clock) time (h:mm:ss or m:ss): 0:03.66
	Average shared text size (kbytes): 0
	Average unshared data size (kbytes): 0
	Average stack size (kbytes): 0
	Average total size (kbytes): 0
	Maximum resident set size (kbytes): 253480
	Average resident set size (kbytes): 0
	Major (requiring I/O) page faults: 0
	Minor (reclaiming a frame) page faults: 656658
	Voluntary context switches: 1989
	Involuntary context switches: 71
	Swaps: 0
	File system inputs: 0
	File system outputs: 135080
	Socket messages sent: 0
	Socket messages received: 0
	Signals delivered: 0
	Page size (bytes): 4096
	Exit status: 0
