[INFO] Starting processing of generated files...
[INFO] Processing /home/shema_thomas/project/work/testbench/workloads/json-telemetry-pipeline_mtp_workaround/data/output/telemetry_4_f9052aa0ff964757b2b3badf2c065c71.json sequentially
[INFO] Processed /home/shema_thomas/project/work/testbench/workloads/json-telemetry-pipeline_mtp_workaround/data/output/telemetry_4_f9052aa0ff964757b2b3badf2c065c71.json, results saved to /home/shema_thomas/project/work/testbench/workloads/json-telemetry-pipeline_mtp_workaround/data/output/telemetry_4_f9052aa0ff964757b2b3badf2c065c71_output.json
[INFO] Processing /home/shema_thomas/project/work/testbench/workloads/json-telemetry-pipeline_mtp_workaround/data/output/telemetry_3_178e591629984d13bc550fd04a7665f4.json sequentially
[INFO] Processed /home/shema_thomas/project/work/testbench/workloads/json-telemetry-pipeline_mtp_workaround/data/output/telemetry_3_178e591629984d13bc550fd04a7665f4.json, results saved to /home/shema_thomas/project/work/testbench/workloads/json-telemetry-pipeline_mtp_workaround/data/output/telemetry_3_178e591629984d13bc550fd04a7665f4_output.json
[INFO] Processing /home/shema_thomas/project/work/testbench/workloads/json-telemetry-pipeline_mtp_workaround/data/output/telemetry_2_7ec718c0df1446bb922bbd77d12fe2d8.json sequentially
[INFO] Processed /home/shema_thomas/project/work/testbench/workloads/json-telemetry-pipeline_mtp_workaround/data/output/telemetry_2_7ec718c0df1446bb922bbd77d12fe2d8.json, results saved to /home/shema_thomas/project/work/testbench/workloads/json-telemetry-pipeline_mtp_workaround/data/output/telemetry_2_7ec718c0df1446bb922bbd77d12fe2d8_output.json
[INFO] Processing /home/shema_thomas/project/work/testbench/workloads/json-telemetry-pipeline_mtp_workaround/data/output/telemetry_1_cc0e7de18d1c4f5697e3c0b026f131de.json sequentially
[INFO] Processed /home/shema_thomas/project/work/testbench/workloads/json-telemetry-pipeline_mtp_workaround/data/output/telemetry_1_cc0e7de18d1c4f5697e3c0b026f131de.json, results saved to /home/shema_thomas/project/work/testbench/workloads/json-telemetry-pipeline_mtp_workaround/data/output/telemetry_1_cc0e7de18d1c4f5697e3c0b026f131de_output.json
[INFO] Processing /home/shema_thomas/project/work/testbench/workloads/json-telemetry-pipeline_mtp_workaround/data/output/telemetry_0_aa11f51a14b942449a1b74aa47e9a46f.json sequentially
[INFO] Processed /home/shema_thomas/project/work/testbench/workloads/json-telemetry-pipeline_mtp_workaround/data/output/telemetry_0_aa11f51a14b942449a1b74aa47e9a46f.json, results saved to /home/shema_thomas/project/work/testbench/workloads/json-telemetry-pipeline_mtp_workaround/data/output/telemetry_0_aa11f51a14b942449a1b74aa47e9a46f_output.json
[INFO] All files processed sequentially.
	Command being timed: "python3 -m app.main"
	User time (seconds): 22.50
	System time (seconds): 1.74
	Percent of CPU this job got: 146%
	Elapsed (wall clock) time (h:mm:ss or m:ss): 0:16.51
	Average shared text size (kbytes): 0
	Average unshared data size (kbytes): 0
	Average stack size (kbytes): 0
	Average total size (kbytes): 0
	Maximum resident set size (kbytes): 281348
	Average resident set size (kbytes): 0
	Major (requiring I/O) page faults: 2
	Minor (reclaiming a frame) page faults: 617682
	Voluntary context switches: 1206
	Involuntary context switches: 78
	Swaps: 0
	File system inputs: 472
	File system outputs: 135080
	Socket messages sent: 0
	Socket messages received: 0
	Signals delivered: 0
	Page size (bytes): 4096
	Exit status: 0
