[INFO] Running telemetry processing workload inside container...
[INFO] MODE=container_mt, CORE_COUNT=10, THREADED=true, RECORDS=1000000, BATCH_SIZE=10
[INFO] Running in mode: container_mt (synchronous)
[INFO] Found 10 keys in Redis
[INFO] Thread 130741892826752 processed key: telemetry_3_617298373221788 -> telemetry_3_617298373221788_processed
[INFO] Thread 130741885187648 processed key: telemetry_5_617298332488666 -> telemetry_5_617298332488666_processed
[INFO] Thread 130741880989248 processed key: telemetry_2_617298362348255 -> telemetry_2_617298362348255_processed
[INFO] Thread 130741851600448 processed key: telemetry_4_617298373264210 -> telemetry_4_617298373264210_processed
[INFO] Thread 130741859997248 processed key: telemetry_9_617298325396480 -> telemetry_9_617298325396480_processed
[INFO] Thread 130741876790848 processed key: telemetry_6_617298421726493 -> telemetry_6_617298421726493_processed
[INFO] Thread 130741864195648 processed key: telemetry_0_617297760319165 -> telemetry_0_617297760319165_processed
[INFO] Thread 130741872592448 processed key: telemetry_8_617298336957190 -> telemetry_8_617298336957190_processed
[INFO] Thread 130741855798848 processed key: telemetry_7_617298351893954 -> telemetry_7_617298351893954_processed
[INFO] Thread 130741868394048 processed key: telemetry_1_617298350645433 -> telemetry_1_617298350645433_processed
[INFO] Processing completed for all Redis keys
	Command being timed: "./processor 1000000 10"
	User time (seconds): 298.33
	System time (seconds): 20.42
	Percent of CPU this job got: 926%
	Elapsed (wall clock) time (h:mm:ss or m:ss): 0:34.38
	Average shared text size (kbytes): 0
	Average unshared data size (kbytes): 0
	Average stack size (kbytes): 0
	Average total size (kbytes): 0
	Maximum resident set size (kbytes): 13622020
	Average resident set size (kbytes): 0
	Major (requiring I/O) page faults: 0
	Minor (reclaiming a frame) page faults: 7014469
	Voluntary context switches: 1751
	Involuntary context switches: 925
	Swaps: 0
	File system inputs: 0
	File system outputs: 0
	Socket messages sent: 0
	Socket messages received: 0
	Signals delivered: 0
	Page size (bytes): 4096
	Exit status: 0

===== METRICS (container_mt) =====
Latency (s):         34.401
CPU Utilization (%): 926.5
Memory Usage (MB):   13302.75
CPU Cores Used:      2
Cores List:          49 72
