[INFO] Running in mode: native_mt (synchronous)
double free or corruption (!prev)
Command terminated by signal 6
	Command being timed: "app/processor 10000 1010"
	User time (seconds): 5.38
	System time (seconds): 23.63
	Percent of CPU this job got: 3508%
	Elapsed (wall clock) time (h:mm:ss or m:ss): 0:00.82
	Average shared text size (kbytes): 0
	Average unshared data size (kbytes): 0
	Average stack size (kbytes): 0
	Average total size (kbytes): 0
	Maximum resident set size (kbytes): 965320
	Average resident set size (kbytes): 0
	Major (requiring I/O) page faults: 0
	Minor (reclaiming a frame) page faults: 248987
	Voluntary context switches: 41587
	Involuntary context switches: 279
	Swaps: 0
	File system inputs: 0
	File system outputs: 0
	Socket messages sent: 0
	Socket messages received: 0
	Signals delivered: 0
	Page size (bytes): 4096
	Exit status: 0
