[INFO] Running in mode: native_st (synchronous)
[INFO] Found 10 keys in Redis
[INFO] Thread 132639290295936 processed key: telemetry_7_519522355225400 -> telemetry_7_519522355225400_processed
[INFO] Thread 132639290295936 processed key: telemetry_0_519522355094652 -> telemetry_0_519522355094652_processed
[INFO] Thread 132639290295936 processed key: telemetry_8_519522355952777 -> telemetry_8_519522355952777_processed
[INFO] Thread 132639290295936 processed key: telemetry_1_519522355644238 -> telemetry_1_519522355644238_processed
[INFO] Thread 132639290295936 processed key: telemetry_6_519522355802257 -> telemetry_6_519522355802257_processed
[INFO] Thread 132639290295936 processed key: telemetry_9_519522355774734 -> telemetry_9_519522355774734_processed
[INFO] Thread 132639290295936 processed key: telemetry_5_519522355188465 -> telemetry_5_519522355188465_processed
[INFO] Thread 132639290295936 processed key: telemetry_2_519522355320146 -> telemetry_2_519522355320146_processed
[INFO] Thread 132639290295936 processed key: telemetry_4_519522355827091 -> telemetry_4_519522355827091_processed
[INFO] Thread 132639290295936 processed key: telemetry_3_519522355842354 -> telemetry_3_519522355842354_processed
[INFO] Processing completed for all Redis keys
	Command being timed: "app/processor 100 10"
	User time (seconds): 0.00
	System time (seconds): 0.00
	Percent of CPU this job got: 84%
	Elapsed (wall clock) time (h:mm:ss or m:ss): 0:00.01
	Average shared text size (kbytes): 0
	Average unshared data size (kbytes): 0
	Average stack size (kbytes): 0
	Average total size (kbytes): 0
	Maximum resident set size (kbytes): 7040
	Average resident set size (kbytes): 0
	Major (requiring I/O) page faults: 0
	Minor (reclaiming a frame) page faults: 390
	Voluntary context switches: 24
	Involuntary context switches: 0
	Swaps: 0
	File system inputs: 0
	File system outputs: 0
	Socket messages sent: 0
	Socket messages received: 0
	Signals delivered: 0
	Page size (bytes): 4096
	Exit status: 0
