[INFO] Running in mode: native_mt (synchronous)
[INFO] Found 10 keys in Redis
[INFO] Thread 134595020600960 processed key: telemetry_6_617691457022206 -> telemetry_6_617691457022206_processed
[INFO] Thread 134594983589440 processed key: telemetry_8_617691454616200 -> telemetry_8_617691454616200_processed
[INFO] Thread 134594987787840 processed key: telemetry_7_617691475015105 -> telemetry_7_617691475015105_processed
[INFO] Thread 134594975192640 processed key: telemetry_2_617691490501921 -> telemetry_2_617691490501921_processed
[INFO] Thread 134594970994240 processed key: telemetry_5_617691555953447 -> telemetry_5_617691555953447_processed
[INFO] Thread 134594996184640 processed key: telemetry_1_617691540583756 -> telemetry_1_617691540583756_processed
[INFO] Thread 134594991986240 processed key: telemetry_0_617690878759230 -> telemetry_0_617690878759230_processed
[INFO] Thread 134595000383040 processed key: telemetry_4_617691463789239 -> telemetry_4_617691463789239_processed
[INFO] Thread 134594979391040 processed key: telemetry_9_617691456576276 -> telemetry_9_617691456576276_processed
[INFO] Thread 134595004581440 processed key: telemetry_3_617691455196218 -> telemetry_3_617691455196218_processed
[INFO] Processing completed for all Redis keys
	Command being timed: "app/processor 1000000 10"
	User time (seconds): 52.03
	System time (seconds): 29.27
	Percent of CPU this job got: 787%
	Elapsed (wall clock) time (h:mm:ss or m:ss): 0:10.33
	Average shared text size (kbytes): 0
	Average unshared data size (kbytes): 0
	Average stack size (kbytes): 0
	Average total size (kbytes): 0
	Maximum resident set size (kbytes): 13358840
	Average resident set size (kbytes): 0
	Major (requiring I/O) page faults: 0
	Minor (reclaiming a frame) page faults: 4556264
	Voluntary context switches: 6927
	Involuntary context switches: 582
	Swaps: 0
	File system inputs: 0
	File system outputs: 0
	Socket messages sent: 0
	Socket messages received: 0
	Signals delivered: 0
	Page size (bytes): 4096
	Exit status: 0
