[INFO] Running in mode: native_mt (synchronous)
[INFO] Found 10 keys in Redis
[INFO] Thread 133540906518144 processed key: telemetry_9_616204156101818 -> telemetry_9_616204156101818_processed
[INFO] Thread 133540873209408 processed key: telemetry_1_616204128048751 -> telemetry_1_616204128048751_processed
[INFO] Thread 133540796687936 processed key: telemetry_7_616204143352070 -> telemetry_7_616204143352070_processed
[INFO] Thread 133540881606208 processed key: telemetry_6_616204176526215 -> telemetry_6_616204176526215_processed
[INFO] Thread 133540800886336 processed key: telemetry_0_616203565293177 -> telemetry_0_616203565293177_processed
[INFO] Thread 133540890003008 processed key: telemetry_4_616204217734621 -> telemetry_4_616204217734621_processed
[INFO] Thread 133540792489536 processed key: telemetry_5_616204132459733 -> telemetry_5_616204132459733_processed
[INFO] Thread 133540885804608 processed key: telemetry_2_616204134338373 -> telemetry_2_616204134338373_processed
[INFO] Thread 133540788291136 processed key: telemetry_3_616204144204562 -> telemetry_3_616204144204562_processed
[INFO] Thread 133540877407808 processed key: telemetry_8_616204143703496 -> telemetry_8_616204143703496_processed
[INFO] Processing completed for all Redis keys
	Command being timed: "app/processor 1000000 10"
	User time (seconds): 51.56
	System time (seconds): 29.24
	Percent of CPU this job got: 795%
	Elapsed (wall clock) time (h:mm:ss or m:ss): 0:10.15
	Average shared text size (kbytes): 0
	Average unshared data size (kbytes): 0
	Average stack size (kbytes): 0
	Average total size (kbytes): 0
	Maximum resident set size (kbytes): 13409728
	Average resident set size (kbytes): 0
	Major (requiring I/O) page faults: 0
	Minor (reclaiming a frame) page faults: 4821345
	Voluntary context switches: 4186
	Involuntary context switches: 339
	Swaps: 0
	File system inputs: 0
	File system outputs: 0
	Socket messages sent: 0
	Socket messages received: 0
	Signals delivered: 0
	Page size (bytes): 4096
	Exit status: 0
