[INFO] Running in mode: container_st (synchronous)
[INFO] Found 1 keys in Redis
[INFO] Thread 134351834318464 processed key: telemetry_0_cf61c5dd-287f-4b34-922d-a834f3714280 -> telemetry_0_cf61c5dd-287f-4b34-922d-a834f3714280_processed
[INFO] Processing completed for all Redis keys
	Command being timed: "./processor 1000 10"
	User time (seconds): 0.02
	System time (seconds): 0.01
	Percent of CPU this job got: 16%
	Elapsed (wall clock) time (h:mm:ss or m:ss): 0:00.25
	Average shared text size (kbytes): 0
	Average unshared data size (kbytes): 0
	Average stack size (kbytes): 0
	Average total size (kbytes): 0
	Maximum resident set size (kbytes): 5760
	Average resident set size (kbytes): 0
	Major (requiring I/O) page faults: 24
	Minor (reclaiming a frame) page faults: 449
	Voluntary context switches: 47
	Involuntary context switches: 0
	Swaps: 0
	File system inputs: 7296
	File system outputs: 0
	Socket messages sent: 0
	Socket messages received: 0
	Signals delivered: 0
	Page size (bytes): 4096
	Exit status: 0
