[INFO] Running in mode: container_mt (synchronous)
[INFO] Found 10 keys in Redis
[INFO] Thread 132776426681984 processed key: telemetry_0_614999563613731 -> telemetry_0_614999563613731_processed
[INFO] Thread 132776415180352 processed key: telemetry_5_614999568624661 -> telemetry_5_614999568624661_processed
[INFO] Thread 132776419378752 processed key: telemetry_2_614999569046442 -> telemetry_2_614999569046442_processed
[INFO] Thread 132776385791552 processed key: telemetry_8_614999569222327 -> telemetry_8_614999569222327_processed
[INFO] Thread 132776394188352 processed key: telemetry_7_614999569275285 -> telemetry_7_614999569275285_processed
[INFO] Thread 132776398386752 processed key: telemetry_4_614999569099817 -> telemetry_4_614999569099817_processed
[INFO] Thread 132776410981952 processed key: telemetry_6_614999569255587 -> telemetry_6_614999569255587_processed
[INFO] Thread 132776402585152 processed key: telemetry_3_614999568967476 -> telemetry_3_614999568967476_processed
[INFO] Thread 132776389989952 processed key: telemetry_1_614999569029692 -> telemetry_1_614999569029692_processed
[INFO] Thread 132776406783552 processed key: telemetry_9_614999569032003 -> telemetry_9_614999569032003_processed
[INFO] Processing completed for all Redis keys
	Command being timed: "./processor 10000 10"
	User time (seconds): 3.03
	System time (seconds): 0.14
	Percent of CPU this job got: 823%
	Elapsed (wall clock) time (h:mm:ss or m:ss): 0:00.38
	Average shared text size (kbytes): 0
	Average unshared data size (kbytes): 0
	Average stack size (kbytes): 0
	Average total size (kbytes): 0
	Maximum resident set size (kbytes): 141416
	Average resident set size (kbytes): 0
	Major (requiring I/O) page faults: 0
	Minor (reclaiming a frame) page faults: 36164
	Voluntary context switches: 97
	Involuntary context switches: 61
	Swaps: 0
	File system inputs: 0
	File system outputs: 0
	Socket messages sent: 0
	Socket messages received: 0
	Signals delivered: 0
	Page size (bytes): 4096
	Exit status: 0
