[INFO] Running in mode: container_mt (synchronous)
[INFO] Found 10 keys in Redis
[INFO] Thread 136000601003648 processed key: telemetry_6_615458690110481 -> telemetry_6_615458690110481_processed
[INFO] Thread 136000589248064 processed key: telemetry_8_615458708627604 -> telemetry_8_615458708627604_processed
[INFO] Thread 136000593446464 processed key: telemetry_9_615458690519420 -> telemetry_9_615458690519420_processed
[INFO] Thread 136000585049664 processed key: telemetry_4_615458690240723 -> telemetry_4_615458690240723_processed
[INFO] Thread 136000568256064 processed key: telemetry_0_615458681133679 -> telemetry_0_615458681133679_processed
[INFO] Thread 136000564057664 processed key: telemetry_1_615458690569464 -> telemetry_1_615458690569464_processed
[INFO] Thread 136000580851264 processed key: telemetry_2_615458690392296 -> telemetry_2_615458690392296_processed
[INFO] Thread 136000576652864 processed key: telemetry_7_615458690958371 -> telemetry_7_615458690958371_processed
[INFO] Thread 136000572454464 processed key: telemetry_5_615458690360992 -> telemetry_5_615458690360992_processed
[INFO] Thread 136000559859264 processed key: telemetry_3_615458690920214 -> telemetry_3_615458690920214_processed
[INFO] Processing completed for all Redis keys
	Command being timed: "./processor 10000 10"
	User time (seconds): 3.23
	System time (seconds): 0.13
	Percent of CPU this job got: 179%
	Elapsed (wall clock) time (h:mm:ss or m:ss): 0:01.88
	Average shared text size (kbytes): 0
	Average unshared data size (kbytes): 0
	Average stack size (kbytes): 0
	Average total size (kbytes): 0
	Maximum resident set size (kbytes): 141236
	Average resident set size (kbytes): 0
	Major (requiring I/O) page faults: 0
	Minor (reclaiming a frame) page faults: 36132
	Voluntary context switches: 99
	Involuntary context switches: 185
	Swaps: 0
	File system inputs: 0
	File system outputs: 0
	Socket messages sent: 0
	Socket messages received: 0
	Signals delivered: 0
	Page size (bytes): 4096
	Exit status: 0
