[INFO] Running in mode: container_mt (synchronous)
[INFO] Found 1 keys in Redis
[INFO] Thread 134017599792768 processed key: telemetry_0_617276859193349 -> telemetry_0_617276859193349_processed
[INFO] Processing completed for all Redis keys
	Command being timed: "./processor 1000000 1"
	User time (seconds): 29.11
	System time (seconds): 1.14
	Percent of CPU this job got: 99%
	Elapsed (wall clock) time (h:mm:ss or m:ss): 0:30.37
	Average shared text size (kbytes): 0
	Average unshared data size (kbytes): 0
	Average stack size (kbytes): 0
	Average total size (kbytes): 0
	Maximum resident set size (kbytes): 1393580
	Average resident set size (kbytes): 0
	Major (requiring I/O) page faults: 0
	Minor (reclaiming a frame) page faults: 441633
	Voluntary context switches: 14
	Involuntary context switches: 72
	Swaps: 0
	File system inputs: 0
	File system outputs: 0
	Socket messages sent: 0
	Socket messages received: 0
	Signals delivered: 0
	Page size (bytes): 4096
	Exit status: 0
