[INFO] Running in mode: container_mt (synchronous)
[INFO] Found 10 keys in Redis
[INFO] Thread 133294918203008 processed key: telemetry_3_616888862431847 -> telemetry_3_616888862431847_processed
[INFO] Thread 133294902453824 processed key: telemetry_6_616888874759556 -> telemetry_6_616888874759556_processed
[INFO] Thread 133294885660224 processed key: telemetry_9_616888870735943 -> telemetry_9_616888870735943_processed
[INFO] Thread 133294898255424 processed key: telemetry_7_616888883622923 -> telemetry_7_616888883622923_processed
[INFO] Thread 133294881461824 processed key: telemetry_0_616888274249442 -> telemetry_0_616888274249442_processed
[INFO] Thread 133294910850624 processed key: telemetry_1_616888866164509 -> telemetry_1_616888866164509_processed
[INFO] Thread 133294894057024 processed key: telemetry_8_616888872349719 -> telemetry_8_616888872349719_processed
[INFO] Thread 133294877263424 processed key: telemetry_4_616888902887540 -> telemetry_4_616888902887540_processed
[INFO] Thread 133294906652224 processed key: telemetry_2_616888860463289 -> telemetry_2_616888860463289_processed
[INFO] Thread 133294889858624 processed key: telemetry_5_616888893827729 -> telemetry_5_616888893827729_processed
[INFO] Processing completed for all Redis keys
	Command being timed: "./processor 1000000 10"
	User time (seconds): 297.88
	System time (seconds): 19.25
	Percent of CPU this job got: 863%
	Elapsed (wall clock) time (h:mm:ss or m:ss): 0:36.71
	Average shared text size (kbytes): 0
	Average unshared data size (kbytes): 0
	Average stack size (kbytes): 0
	Average total size (kbytes): 0
	Maximum resident set size (kbytes): 13567796
	Average resident set size (kbytes): 0
	Major (requiring I/O) page faults: 0
	Minor (reclaiming a frame) page faults: 5243660
	Voluntary context switches: 1764
	Involuntary context switches: 4002
	Swaps: 0
	File system inputs: 0
	File system outputs: 0
	Socket messages sent: 0
	Socket messages received: 0
	Signals delivered: 0
	Page size (bytes): 4096
	Exit status: 0
