[INFO] Running telemetry processing workload inside container...
[INFO] MODE=container_mt, CORE_COUNT=10, THREADED=true, RECORDS=1000000, BATCH_SIZE=10
[INFO] Running in mode: container_mt (synchronous)
[INFO] Found 10 keys in Redis
[INFO] Thread 126273543304832 processed key: telemetry_2_615690213716113 -> telemetry_2_615690213716113_processed
[INFO] Thread 126273523254848 processed key: telemetry_6_615690228628939 -> telemetry_6_615690228628939_processed
[INFO] Thread 126273531651648 processed key: telemetry_5_615690217045371 -> telemetry_5_615690217045371_processed
[INFO] Thread 126273535850048 processed key: telemetry_7_615690214049238 -> telemetry_7_615690214049238_processed
[INFO] Thread 126273430992448 processed key: telemetry_9_615690226906942 -> telemetry_9_615690226906942_processed
[INFO] Thread 126273447786048 processed key: telemetry_0_615689752424613 -> telemetry_0_615689752424613_processed
[INFO] Thread 126273435190848 processed key: telemetry_4_615690263470901 -> telemetry_4_615690263470901_processed
[INFO] Thread 126273527453248 processed key: telemetry_8_615690217602005 -> telemetry_8_615690217602005_processed
[INFO] Thread 126273439389248 processed key: telemetry_1_615690214808852 -> telemetry_1_615690214808852_processed
[INFO] Thread 126273443587648 processed key: telemetry_3_615690213627412 -> telemetry_3_615690213627412_processed
[INFO] Processing completed for all Redis keys
	Command being timed: "./processor 1000000 10"
	User time (seconds): 304.07
	System time (seconds): 20.92
	Percent of CPU this job got: 182%
	Elapsed (wall clock) time (h:mm:ss or m:ss): 2:58.53
	Average shared text size (kbytes): 0
	Average unshared data size (kbytes): 0
	Average stack size (kbytes): 0
	Average total size (kbytes): 0
	Maximum resident set size (kbytes): 13488876
	Average resident set size (kbytes): 0
	Major (requiring I/O) page faults: 0
	Minor (reclaiming a frame) page faults: 6533885
	Voluntary context switches: 2119
	Involuntary context switches: 18710
	Swaps: 0
	File system inputs: 0
	File system outputs: 0
	Socket messages sent: 0
	Socket messages received: 0
	Signals delivered: 0
	Page size (bytes): 4096
	Exit status: 0
