[INFO] Running in mode: native_mt (synchronous)
[INFO] Found 10 keys in Redis
[INFO] Thread 131052318946944 processed key: telemetry_8_617712047987014 -> telemetry_8_617712047987014_processed
[INFO] Thread 131052290942528 processed key: telemetry_0_617711531010663 -> telemetry_0_617711531010663_processed
[INFO] Thread 131052068664896 processed key: telemetry_5_617712044920436 -> telemetry_5_617712044920436_processed
[INFO] Thread 131052295140928 processed key: telemetry_6_617712044995018 -> telemetry_6_617712044995018_processed
[INFO] Thread 131052286744128 processed key: telemetry_2_617712078323676 -> telemetry_2_617712078323676_processed
[INFO] Thread 131052064466496 processed key: telemetry_1_617712069755364 -> telemetry_1_617712069755364_processed
[INFO] Thread 131052299339328 processed key: telemetry_3_617712095383333 -> telemetry_3_617712095383333_processed
[INFO] Thread 131052278347328 processed key: telemetry_9_617712046047825 -> telemetry_9_617712046047825_processed
[INFO] Thread 131052282545728 processed key: telemetry_4_617712042232015 -> telemetry_4_617712042232015_processed
[INFO] Thread 131052303537728 processed key: telemetry_7_617712043446529 -> telemetry_7_617712043446529_processed
[INFO] Processing completed for all Redis keys
	Command being timed: "app/processor 1000000 10"
	User time (seconds): 50.92
	System time (seconds): 27.14
	Percent of CPU this job got: 772%
	Elapsed (wall clock) time (h:mm:ss or m:ss): 0:10.11
	Average shared text size (kbytes): 0
	Average unshared data size (kbytes): 0
	Average stack size (kbytes): 0
	Average total size (kbytes): 0
	Maximum resident set size (kbytes): 13409708
	Average resident set size (kbytes): 0
	Major (requiring I/O) page faults: 0
	Minor (reclaiming a frame) page faults: 4449077
	Voluntary context switches: 6514
	Involuntary context switches: 590
	Swaps: 0
	File system inputs: 0
	File system outputs: 0
	Socket messages sent: 0
	Socket messages received: 0
	Signals delivered: 0
	Page size (bytes): 4096
	Exit status: 0
