[INFO] Running in mode: native_mt (synchronous)
[INFO] Found 10 keys in Redis
[INFO] Thread 131534497719936 processed key: telemetry_4_616232449744099 -> telemetry_4_616232449744099_processed
[INFO] Thread 131534457632320 processed key: telemetry_3_616232392947883 -> telemetry_3_616232392947883_processed
[INFO] Thread 131534461830720 processed key: telemetry_6_616232424013520 -> telemetry_6_616232424013520_processed
[INFO] Thread 131534478624320 processed key: telemetry_0_616231819037358 -> telemetry_0_616231819037358_processed
[INFO] Thread 131534466029120 processed key: telemetry_1_616232399168879 -> telemetry_1_616232399168879_processed
[INFO] Thread 131534470227520 processed key: telemetry_8_616232403278269 -> telemetry_8_616232403278269_processed
[INFO] Thread 131534453433920 processed key: telemetry_9_616232394219587 -> telemetry_9_616232394219587_processed
[INFO] Thread 131534474425920 processed key: telemetry_2_616232392506529 -> telemetry_2_616232392506529_processed
[INFO] Thread 131534111635008 processed key: telemetry_7_616232398909611 -> telemetry_7_616232398909611_processed
[INFO] Thread 131534482822720 processed key: telemetry_5_616232396365915 -> telemetry_5_616232396365915_processed
[INFO] Processing completed for all Redis keys
	Command being timed: "app/processor 1000000 10"
	User time (seconds): 51.76
	System time (seconds): 27.30
	Percent of CPU this job got: 800%
	Elapsed (wall clock) time (h:mm:ss or m:ss): 0:09.87
	Average shared text size (kbytes): 0
	Average unshared data size (kbytes): 0
	Average stack size (kbytes): 0
	Average total size (kbytes): 0
	Maximum resident set size (kbytes): 13449548
	Average resident set size (kbytes): 0
	Major (requiring I/O) page faults: 0
	Minor (reclaiming a frame) page faults: 4215197
	Voluntary context switches: 4900
	Involuntary context switches: 389
	Swaps: 0
	File system inputs: 0
	File system outputs: 0
	Socket messages sent: 0
	Socket messages received: 0
	Signals delivered: 0
	Page size (bytes): 4096
	Exit status: 0
