[INFO] Running in mode: native_mt (synchronous)
[INFO] Found 101 keys in Redis
fftw: planner.c:261: assertion failed: SLVNDX(slot) == slvndx
fftw: planner.c:261: assertion failed: SLVNDX(slot) == slvndx
Command terminated by signal 6
	Command being timed: "app/processor 100 101"
	User time (seconds): 0.00
	System time (seconds): 0.01
	Percent of CPU this job got: 12%
	Elapsed (wall clock) time (h:mm:ss or m:ss): 0:00.13
	Average shared text size (kbytes): 0
	Average unshared data size (kbytes): 0
	Average stack size (kbytes): 0
	Average total size (kbytes): 0
	Maximum resident set size (kbytes): 7680
	Average resident set size (kbytes): 0
	Major (requiring I/O) page faults: 0
	Minor (reclaiming a frame) page faults: 1019
	Voluntary context switches: 203
	Involuntary context switches: 0
	Swaps: 0
	File system inputs: 0
	File system outputs: 0
	Socket messages sent: 0
	Socket messages received: 0
	Signals delivered: 0
	Page size (bytes): 4096
	Exit status: 0
