[INFO] Running in mode: native_mt (synchronous)
[INFO] Found 10 keys in Redis
[INFO] Thread 128552232212096 processed key: telemetry_0_519551939226288 -> telemetry_0_519551939226288_processed
[INFO] Thread 128552129263168 processed key: telemetry_9_519551945857838 -> telemetry_9_519551945857838_processed
[INFO] Thread 128552207885888 processed key: telemetry_7_519551945253593 -> telemetry_7_519551945253593_processed
[INFO] Thread 128552120866368 processed key: telemetry_8_519551945134024 -> telemetry_8_519551945134024_processed
[INFO] Thread 128552112469568 processed key: telemetry_4_519551955107058 -> telemetry_4_519551955107058_processed
[INFO] Thread 128552125064768 processed key: telemetry_6_519551945465914 -> telemetry_6_519551945465914_processed
[INFO] Thread 128552212084288 processed key: telemetry_1_519551945270969 -> telemetry_1_519551945270969_processed
[INFO] Thread 128552116667968 processed key: telemetry_2_519551945205760 -> telemetry_2_519551945205760_processed
[INFO] Thread 128552216282688 processed key: telemetry_5_519551944862633 -> telemetry_5_519551944862633_processed
[INFO] Thread 128552203687488 processed key: telemetry_3_519551945024486 -> telemetry_3_519551945024486_processed
[INFO] Processing completed for all Redis keys
	Command being timed: "app/processor 10000 10"
	User time (seconds): 0.47
	System time (seconds): 0.18
	Percent of CPU this job got: 731%
	Elapsed (wall clock) time (h:mm:ss or m:ss): 0:00.09
	Average shared text size (kbytes): 0
	Average unshared data size (kbytes): 0
	Average stack size (kbytes): 0
	Average total size (kbytes): 0
	Maximum resident set size (kbytes): 142840
	Average resident set size (kbytes): 0
	Major (requiring I/O) page faults: 0
	Minor (reclaiming a frame) page faults: 36101
	Voluntary context switches: 145
	Involuntary context switches: 9
	Swaps: 0
	File system inputs: 0
	File system outputs: 0
	Socket messages sent: 0
	Socket messages received: 0
	Signals delivered: 0
	Page size (bytes): 4096
	Exit status: 0
