pod/telemetry-gen-1755888897 created
[INFO] Pod telemetry-gen-1755888897 created. Waiting for completion...
[INFO] Running in serverless mode: serverless_st
[INFO] Starting HTTP server on port 8000
[INFO] Found 101 keys in Redis
[INFO] Thread 126353978422848 processed key: telemetry_73_605142358662379 -> telemetry_73_605142358662379_processed
[INFO] Thread 126353978422848 processed key: telemetry_17_605142358947776 -> telemetry_17_605142358947776_processed
[INFO] Thread 126353978422848 processed key: telemetry_25_605142354142015 -> telemetry_25_605142354142015_processed
[INFO] Thread 126353978422848 processed key: telemetry_3_605142358077359 -> telemetry_3_605142358077359_processed
[INFO] Thread 126353978422848 processed key: telemetry_66_605142358277822 -> telemetry_66_605142358277822_processed
[INFO] Thread 126353978422848 processed key: telemetry_35_605142358252098 -> telemetry_35_605142358252098_processed
[INFO] Thread 126353978422848 processed key: telemetry_87_605142357723760 -> telemetry_87_605142357723760_processed
[INFO] Thread 126353978422848 processed key: telemetry_27_605142358255753 -> telemetry_27_605142358255753_processed
[INFO] Thread 126353978422848 processed key: telemetry_34_605142359378965 -> telemetry_34_605142359378965_processed
[INFO] Thread 126353978422848 processed key: telemetry_40_605142356633873 -> telemetry_40_605142356633873_processed
[INFO] Thread 126353978422848 processed key: telemetry_45_605142357070989 -> telemetry_45_605142357070989_processed
[INFO] Thread 126353978422848 processed key: telemetry_0_605142353671156 -> telemetry_0_605142353671156_processed
[INFO] Thread 126353978422848 processed key: telemetry_30_605142358268771 -> telemetry_30_605142358268771_processed
[INFO] Thread 126353978422848 processed key: telemetry_82_605142358854232 -> telemetry_82_605142358854232_processed
[INFO] Thread 126353978422848 processed key: telemetry_63_605142358034601 -> telemetry_63_605142358034601_processed
[INFO] Thread 126353978422848 processed key: telemetry_20_605142358149331 -> telemetry_20_605142358149331_processed
[INFO] Thread 126353978422848 processed key: telemetry_86_605142359119956 -> telemetry_86_605142359119956_processed
[INFO] Thread 126353978422848 processed key: telemetry_9_605142358933871 -> telemetry_9_605142358933871_processed
[INFO] Thread 126353978422848 processed key: telemetry_49_605142359472693 -> telemetry_49_605142359472693_processed
[INFO] Thread 126353978422848 processed key: telemetry_65_605142356431265 -> telemetry_65_605142356431265_processed
[INFO] Thread 126353978422848 processed key: telemetry_52_605142357989464 -> telemetry_52_605142357989464_processed
[INFO] Thread 126353978422848 processed key: telemetry_68_605142355378526 -> telemetry_68_605142355378526_processed
[INFO] Thread 126353978422848 processed key: telemetry_100_605142357860432 -> telemetry_100_605142357860432_processed
[INFO] Thread 126353978422848 processed key: telemetry_22_605142358974764 -> telemetry_22_605142358974764_processed
[INFO] Thread 126353978422848 processed key: telemetry_32_605142359028958 -> telemetry_32_605142359028958_processed
[INFO] Thread 126353978422848 processed key: telemetry_37_605142354616946 -> telemetry_37_605142354616946_processed
[INFO] Thread 126353978422848 processed key: telemetry_96_605142357876101 -> telemetry_96_605142357876101_processed
[INFO] Thread 126353978422848 processed key: telemetry_83_605142358783020 -> telemetry_83_605142358783020_processed
[INFO] Thread 126353978422848 processed key: telemetry_78_605142359471628 -> telemetry_78_605142359471628_processed
[INFO] Thread 126353978422848 processed key: telemetry_62_605142355232197 -> telemetry_62_605142355232197_processed
[INFO] Thread 126353978422848 processed key: telemetry_13_605142357487795 -> telemetry_13_605142357487795_processed
[INFO] Thread 126353978422848 processed key: telemetry_8_605142359629835 -> telemetry_8_605142359629835_processed
[INFO] Thread 126353978422848 processed key: telemetry_47_605142359269815 -> telemetry_47_605142359269815_processed
[INFO] Thread 126353978422848 processed key: telemetry_81_605142359033390 -> telemetry_81_605142359033390_processed
[INFO] Thread 126353978422848 processed key: telemetry_53_605142359058105 -> telemetry_53_605142359058105_processed
[INFO] Thread 126353978422848 processed key: telemetry_38_605142357296277 -> telemetry_38_605142357296277_processed
[INFO] Thread 126353978422848 processed key: telemetry_1_605142356170913 -> telemetry_1_605142356170913_processed
[INFO] Thread 126353978422848 processed key: telemetry_59_605142357604585 -> telemetry_59_605142357604585_processed
[INFO] Thread 126353978422848 processed key: telemetry_90_605142358481493 -> telemetry_90_605142358481493_processed
[INFO] Thread 126353978422848 processed key: telemetry_33_605142357753639 -> telemetry_33_605142357753639_processed
[INFO] Thread 126353978422848 processed key: telemetry_14_605142359087460 -> telemetry_14_605142359087460_processed
[INFO] Thread 126353978422848 processed key: telemetry_46_605142356836861 -> telemetry_46_605142356836861_processed
[INFO] Thread 126353978422848 processed key: telemetry_97_605142357784640 -> telemetry_97_605142357784640_processed
[INFO] Thread 126353978422848 processed key: telemetry_57_605142359910062 -> telemetry_57_605142359910062_processed
[INFO] Thread 126353978422848 processed key: telemetry_56_605142358931635 -> telemetry_56_605142358931635_processed
[INFO] Thread 126353978422848 processed key: telemetry_28_605142357016482 -> telemetry_28_605142357016482_processed
[INFO] Thread 126353978422848 processed key: telemetry_16_605142358055071 -> telemetry_16_605142358055071_processed
[INFO] Thread 126353978422848 processed key: telemetry_15_605142356022151 -> telemetry_15_605142356022151_processed
[INFO] Thread 126353978422848 processed key: telemetry_41_605142358117235 -> telemetry_41_605142358117235_processed
[INFO] Thread 126353978422848 processed key: telemetry_42_605142359139662 -> telemetry_42_605142359139662_processed
[INFO] Thread 126353978422848 processed key: telemetry_72_605142357581970 -> telemetry_72_605142357581970_processed
[INFO] Thread 126353978422848 processed key: telemetry_21_605142358309807 -> telemetry_21_605142358309807_processed
[INFO] Thread 126353978422848 processed key: telemetry_85_605142360087503 -> telemetry_85_605142360087503_processed
[INFO] Thread 126353978422848 processed key: telemetry_39_605142358260642 -> telemetry_39_605142358260642_processed
[INFO] Thread 126353978422848 processed key: telemetry_19_605142357803491 -> telemetry_19_605142357803491_processed
[INFO] Thread 126353978422848 processed key: telemetry_26_605142356653015 -> telemetry_26_605142356653015_processed
[INFO] Thread 126353978422848 processed key: telemetry_80_605142360523043 -> telemetry_80_605142360523043_processed
[INFO] Thread 126353978422848 processed key: telemetry_29_605142357792235 -> telemetry_29_605142357792235_processed
[INFO] Thread 126353978422848 processed key: telemetry_69_605142356080795 -> telemetry_69_605142356080795_processed
[INFO] Thread 126353978422848 processed key: telemetry_99_605142358156167 -> telemetry_99_605142358156167_processed
[INFO] Thread 126353978422848 processed key: telemetry_64_605142358510770 -> telemetry_64_605142358510770_processed
[INFO] Thread 126353978422848 processed key: telemetry_54_605142359211203 -> telemetry_54_605142359211203_processed
[INFO] Thread 126353978422848 processed key: telemetry_11_605142359039815 -> telemetry_11_605142359039815_processed
[INFO] Thread 126353978422848 processed key: telemetry_88_605142354654587 -> telemetry_88_605142354654587_processed
[INFO] Thread 126353978422848 processed key: telemetry_91_605142356210524 -> telemetry_91_605142356210524_processed
[INFO] Thread 126353978422848 processed key: telemetry_55_605142359936740 -> telemetry_55_605142359936740_processed
[INFO] Thread 126353978422848 processed key: telemetry_58_605142359827129 -> telemetry_58_605142359827129_processed
[INFO] Thread 126353978422848 processed key: telemetry_48_605142356997428 -> telemetry_48_605142356997428_processed
[INFO] Thread 126353978422848 processed key: telemetry_60_605142359955605 -> telemetry_60_605142359955605_processed
[INFO] Thread 126353978422848 processed key: telemetry_89_605142358158921 -> telemetry_89_605142358158921_processed
