[INFO] Starting processing of generated files...
[INFO] Launching process for /home/shema_thomas/project/work/testbench/workloads/json-telemetry-pipeline_mtp_workaround/data/output/telemetry_2_36d0a628bc684fb8bb140b3dfc47fd95.json
[INFO] Launching process for /home/shema_thomas/project/work/testbench/workloads/json-telemetry-pipeline_mtp_workaround/data/output/telemetry_3_1bcb8278903748158ae5ad497506f940.json
[INFO] Launching process for /home/shema_thomas/project/work/testbench/workloads/json-telemetry-pipeline_mtp_workaround/data/output/telemetry_4_079a53e6309e483a92388a8ac65be459.json
[INFO] Launching process for /home/shema_thomas/project/work/testbench/workloads/json-telemetry-pipeline_mtp_workaround/data/output/telemetry_0_cdc98e4164bf46b6a48788bdaebea677.json
[INFO] Launching process for /home/shema_thomas/project/work/testbench/workloads/json-telemetry-pipeline_mtp_workaround/data/output/telemetry_1_582847cad123419b8fdbe6b508a5c6b5.json
[INFO] Processed /home/shema_thomas/project/work/testbench/workloads/json-telemetry-pipeline_mtp_workaround/data/output/telemetry_0_cdc98e4164bf46b6a48788bdaebea677.json, results saved to /home/shema_thomas/project/work/testbench/workloads/json-telemetry-pipeline_mtp_workaround/data/output/telemetry_0_cdc98e4164bf46b6a48788bdaebea677_output.json
[INFO] Processed /home/shema_thomas/project/work/testbench/workloads/json-telemetry-pipeline_mtp_workaround/data/output/telemetry_2_36d0a628bc684fb8bb140b3dfc47fd95.json, results saved to /home/shema_thomas/project/work/testbench/workloads/json-telemetry-pipeline_mtp_workaround/data/output/telemetry_2_36d0a628bc684fb8bb140b3dfc47fd95_output.json
[INFO] Processed /home/shema_thomas/project/work/testbench/workloads/json-telemetry-pipeline_mtp_workaround/data/output/telemetry_3_1bcb8278903748158ae5ad497506f940.json, results saved to /home/shema_thomas/project/work/testbench/workloads/json-telemetry-pipeline_mtp_workaround/data/output/telemetry_3_1bcb8278903748158ae5ad497506f940_output.json
[INFO] Processed /home/shema_thomas/project/work/testbench/workloads/json-telemetry-pipeline_mtp_workaround/data/output/telemetry_1_582847cad123419b8fdbe6b508a5c6b5.json, results saved to /home/shema_thomas/project/work/testbench/workloads/json-telemetry-pipeline_mtp_workaround/data/output/telemetry_1_582847cad123419b8fdbe6b508a5c6b5_output.json
[INFO] Processed /home/shema_thomas/project/work/testbench/workloads/json-telemetry-pipeline_mtp_workaround/data/output/telemetry_4_079a53e6309e483a92388a8ac65be459.json, results saved to /home/shema_thomas/project/work/testbench/workloads/json-telemetry-pipeline_mtp_workaround/data/output/telemetry_4_079a53e6309e483a92388a8ac65be459_output.json
[INFO] All files processed in parallel.
	Command being timed: "python3 -m app.main"
	User time (seconds): 1.29
	System time (seconds): 0.31
	Percent of CPU this job got: 428%
	Elapsed (wall clock) time (h:mm:ss or m:ss): 0:00.37
	Average shared text size (kbytes): 0
	Average unshared data size (kbytes): 0
	Average stack size (kbytes): 0
	Average total size (kbytes): 0
	Maximum resident set size (kbytes): 29540
	Average resident set size (kbytes): 0
	Major (requiring I/O) page faults: 0
	Minor (reclaiming a frame) page faults: 84179
	Voluntary context switches: 356
	Involuntary context switches: 11
	Swaps: 0
	File system inputs: 0
	File system outputs: 13568
	Socket messages sent: 0
	Socket messages received: 0
	Signals delivered: 0
	Page size (bytes): 4096
	Exit status: 0
