[INFO] Starting processing of generated files...
[INFO] Processing /home/shema_thomas/project/work/testbench/workloads/json-telemetry-pipeline_mtp_workaround/data/output/telemetry_3_722fd73023cd448497923450e7a79e47.json sequentially
[INFO] Processed /home/shema_thomas/project/work/testbench/workloads/json-telemetry-pipeline_mtp_workaround/data/output/telemetry_3_722fd73023cd448497923450e7a79e47.json, results saved to /home/shema_thomas/project/work/testbench/workloads/json-telemetry-pipeline_mtp_workaround/data/output/telemetry_3_722fd73023cd448497923450e7a79e47_output.json
[INFO] Processing /home/shema_thomas/project/work/testbench/workloads/json-telemetry-pipeline_mtp_workaround/data/output/telemetry_4_ca61a7907dee43809240a661530a4b6d.json sequentially
[INFO] Processed /home/shema_thomas/project/work/testbench/workloads/json-telemetry-pipeline_mtp_workaround/data/output/telemetry_4_ca61a7907dee43809240a661530a4b6d.json, results saved to /home/shema_thomas/project/work/testbench/workloads/json-telemetry-pipeline_mtp_workaround/data/output/telemetry_4_ca61a7907dee43809240a661530a4b6d_output.json
[INFO] Processing /home/shema_thomas/project/work/testbench/workloads/json-telemetry-pipeline_mtp_workaround/data/output/telemetry_1_63c5ac15ba7644ed822c5de1f2e52039.json sequentially
[INFO] Processed /home/shema_thomas/project/work/testbench/workloads/json-telemetry-pipeline_mtp_workaround/data/output/telemetry_1_63c5ac15ba7644ed822c5de1f2e52039.json, results saved to /home/shema_thomas/project/work/testbench/workloads/json-telemetry-pipeline_mtp_workaround/data/output/telemetry_1_63c5ac15ba7644ed822c5de1f2e52039_output.json
[INFO] Processing /home/shema_thomas/project/work/testbench/workloads/json-telemetry-pipeline_mtp_workaround/data/output/telemetry_2_ce7516c3c9224850924bded8b4ae9293.json sequentially
[INFO] Processed /home/shema_thomas/project/work/testbench/workloads/json-telemetry-pipeline_mtp_workaround/data/output/telemetry_2_ce7516c3c9224850924bded8b4ae9293.json, results saved to /home/shema_thomas/project/work/testbench/workloads/json-telemetry-pipeline_mtp_workaround/data/output/telemetry_2_ce7516c3c9224850924bded8b4ae9293_output.json
[INFO] Processing /home/shema_thomas/project/work/testbench/workloads/json-telemetry-pipeline_mtp_workaround/data/output/telemetry_0_cddf05cd9d524c02888fb1e7eca2d527.json sequentially
[INFO] Processed /home/shema_thomas/project/work/testbench/workloads/json-telemetry-pipeline_mtp_workaround/data/output/telemetry_0_cddf05cd9d524c02888fb1e7eca2d527.json, results saved to /home/shema_thomas/project/work/testbench/workloads/json-telemetry-pipeline_mtp_workaround/data/output/telemetry_0_cddf05cd9d524c02888fb1e7eca2d527_output.json
[INFO] All files processed sequentially.
	Command being timed: "python3 -m app.main"
	User time (seconds): 1.30
	System time (seconds): 0.17
	Percent of CPU this job got: 100%
	Elapsed (wall clock) time (h:mm:ss or m:ss): 0:01.46
	Average shared text size (kbytes): 0
	Average unshared data size (kbytes): 0
	Average stack size (kbytes): 0
	Average total size (kbytes): 0
	Maximum resident set size (kbytes): 35388
	Average resident set size (kbytes): 0
	Major (requiring I/O) page faults: 0
	Minor (reclaiming a frame) page faults: 58598
	Voluntary context switches: 208
	Involuntary context switches: 2
	Swaps: 0
	File system inputs: 0
	File system outputs: 13576
	Socket messages sent: 0
	Socket messages received: 0
	Signals delivered: 0
	Page size (bytes): 4096
	Exit status: 0
