[INFO] Running in mode: native_mt (synchronous)
[INFO] Found 10 keys in Redis
[INFO] Thread 128011570275968 processed key: telemetry_9_71b2a97e-2ca0-4842-90b7-de8bf3638448 -> telemetry_9_71b2a97e-2ca0-4842-90b7-de8bf3638448_processed
[INFO] Thread 128011545318976 processed key: telemetry_8_efd8d8f3-bc74-4207-9788-6d8e3b30e127 -> telemetry_8_efd8d8f3-bc74-4207-9788-6d8e3b30e127_processed
[INFO] Thread 128011528525376 processed key: telemetry_2_73d473aa-1886-4898-8858-f36be50c6a46 -> telemetry_2_73d473aa-1886-4898-8858-f36be50c6a46_processed
[INFO] Thread 128011541120576 processed key: telemetry_5_9be643c2-68a1-4eda-b527-a337bc8bb2d6 -> telemetry_5_9be643c2-68a1-4eda-b527-a337bc8bb2d6_processed
[INFO] Thread 128011536922176 processed key: telemetry_1_25adcf98-6579-4e50-98e3-af0fea00d2e9 -> telemetry_1_25adcf98-6579-4e50-98e3-af0fea00d2e9_processed
[INFO] Thread 128011532723776 processed key: telemetry_3_b68d646e-ca79-43d1-8b7b-da18261357bc -> telemetry_3_b68d646e-ca79-43d1-8b7b-da18261357bc_processed
[INFO] Thread 128011549517376 processed key: telemetry_6_07145cb1-d66d-456b-bf7b-8f86c40b915d -> telemetry_6_07145cb1-d66d-456b-bf7b-8f86c40b915d_processed
[INFO] Thread 128011553715776 processed key: telemetry_7_faece7b0-6c49-4173-8da6-d36e7fb8d902 -> telemetry_7_faece7b0-6c49-4173-8da6-d36e7fb8d902_processed
[INFO] Thread 128011557914176 processed key: telemetry_0_9ddde944-0b86-46ba-8b74-b17fec50a49d -> telemetry_0_9ddde944-0b86-46ba-8b74-b17fec50a49d_processed
[INFO] Thread 128011524326976 processed key: telemetry_4_ced3b6fd-e8f8-4de5-a3ce-7ff6dcf766eb -> telemetry_4_ced3b6fd-e8f8-4de5-a3ce-7ff6dcf766eb_processed
[INFO] Processing completed for all Redis keys
	Command being timed: "app/processor 10000 10"
	User time (seconds): 0.02
	System time (seconds): 0.01
	Percent of CPU this job got: 390%
	Elapsed (wall clock) time (h:mm:ss or m:ss): 0:00.01
	Average shared text size (kbytes): 0
	Average unshared data size (kbytes): 0
	Average stack size (kbytes): 0
	Average total size (kbytes): 0
	Maximum resident set size (kbytes): 12160
	Average resident set size (kbytes): 0
	Major (requiring I/O) page faults: 0
	Minor (reclaiming a frame) page faults: 2601
	Voluntary context switches: 57
	Involuntary context switches: 1
	Swaps: 0
	File system inputs: 0
	File system outputs: 0
	Socket messages sent: 0
	Socket messages received: 0
	Signals delivered: 0
	Page size (bytes): 4096
	Exit status: 0
