[INFO] Running telemetry processing workload inside container...
[INFO] MODE=container_mt, CORE_COUNT=100, THREADED=true, RECORDS=1000, BATCH_SIZE=100
[INFO] Running in mode: container_mt (synchronous)
malloc_consolidate(): unaligned fastbin chunk detected
Command terminated by signal 6
	Command being timed: "./processor 1000 100"
	User time (seconds): 1.21
	System time (seconds): 0.21
	Percent of CPU this job got: 798%
	Elapsed (wall clock) time (h:mm:ss or m:ss): 0:00.18
	Average shared text size (kbytes): 0
	Average unshared data size (kbytes): 0
	Average stack size (kbytes): 0
	Average total size (kbytes): 0
	Maximum resident set size (kbytes): 33920
	Average resident set size (kbytes): 0
	Major (requiring I/O) page faults: 0
	Minor (reclaiming a frame) page faults: 13874
	Voluntary context switches: 829
	Involuntary context switches: 121
	Swaps: 0
	File system inputs: 0
	File system outputs: 0
	Socket messages sent: 0
	Socket messages received: 0
	Signals delivered: 0
	Page size (bytes): 4096
	Exit status: 0

===== METRICS (container_mt) =====
Latency (s):         .191
CPU Utilization (%): 743.4
Memory Usage (MB):   33.12
CPU Cores Used:      1
Cores List:          28
