[INFO] Running telemetry processing workload inside container...
[INFO] MODE=container_mt, CORE_COUNT=100, THREADED=true, RECORDS=10000, BATCH_SIZE=100
[INFO] Running in mode: container_mt (synchronous)
[INFO] Found 100 keys in Redis
[INFO] Thread 131554696738432 processed key: telemetry_21_277434363207635 -> telemetry_21_277434363207635_processed
[INFO] Thread 131554684675648 processed key: telemetry_47_277434389207613 -> telemetry_47_277434389207613_processed
[INFO] Thread 131554445620800 processed key: telemetry_44_277434372423977 -> telemetry_44_277434372423977_processed
[INFO] Thread 131554688874048 processed key: telemetry_30_277434370162246 -> telemetry_30_277434370162246_processed
[INFO] Thread 131554676278848 processed key: telemetry_77_277434332390121 -> telemetry_77_277434332390121_processed
[INFO] Thread 131554428827200 processed key: telemetry_13_277434382460995 -> telemetry_13_277434382460995_processed
[INFO] Thread 131554680477248 processed key: telemetry_75_277434391501444 -> telemetry_75_277434391501444_processed
[INFO] Thread 131554672080448 processed key: telemetry_67_277434430975821 -> telemetry_67_277434430975821_processed
[INFO] Thread 131554441422400 processed key: telemetry_12_277434383739617 -> telemetry_12_277434383739617_processed
[INFO] Thread 131554655286848 processed key: telemetry_53_277434349068325 -> telemetry_53_277434349068325_processed
[INFO] Thread 131554667882048 processed key: telemetry_63_277434390088833 -> telemetry_63_277434390088833_processed
[INFO] Thread 131554659485248 processed key: telemetry_15_277434382092523 -> telemetry_15_277434382092523_processed
[INFO] Thread 131552608491072 processed key: telemetry_16_277434440006763 -> telemetry_16_277434440006763_processed
[INFO] Thread 131551270512192 processed key: telemetry_5_277434392222633 -> telemetry_5_277434392222633_processed
[INFO] Thread 131552319063616 processed key: telemetry_54_277434394124298 -> telemetry_54_277434394124298_processed
[INFO] Thread 131552574903872 processed key: telemetry_92_277434426040290 -> telemetry_92_277434426040290_processed
[INFO] Thread 131551278908992 processed key: telemetry_17_277434433863882 -> telemetry_17_277434433863882_processed
[INFO] Thread 131552591697472 processed key: telemetry_66_277434418076116 -> telemetry_66_277434418076116_processed
[INFO] Thread 131552583300672 processed key: telemetry_76_277434364579283 -> telemetry_76_277434364579283_processed
[INFO] Thread 131553740944960 processed key: telemetry_84_277434389444395 -> telemetry_84_277434389444395_processed
[INFO] Thread 131552356849216 processed key: telemetry_88_277434381584712 -> telemetry_88_277434381584712_processed
[INFO] Thread 131553732548160 processed key: telemetry_14_277434356656288 -> telemetry_14_277434356656288_processed
[INFO] Thread 131552595895872 processed key: telemetry_36_277434389596622 -> telemetry_36_277434389596622_processed
[INFO] Thread 131552340055616 processed key: telemetry_46_277434371670194 -> telemetry_46_277434371670194_processed
[INFO] Thread 131552352650816 processed key: telemetry_72_277434388043737 -> telemetry_72_277434388043737_processed
[INFO] Thread 131552314865216 processed key: telemetry_56_277434355426200 -> telemetry_56_277434355426200_processed
[INFO] Thread 131553766135360 processed key: telemetry_80_277434408504228 -> telemetry_80_277434408504228_processed
[INFO] Thread 131552621086272 processed key: telemetry_52_277434346170910 -> telemetry_52_277434346170910_processed
[INFO] Thread 131552331658816 processed key: telemetry_22_277434384860109 -> telemetry_22_277434384860109_processed
[INFO] Thread 131552365246016 processed key: telemetry_87_277434357796692 -> telemetry_87_277434357796692_processed
[INFO] Thread 131552361047616 processed key: telemetry_78_277434362157111 -> telemetry_78_277434362157111_processed
[INFO] Thread 131552306468416 processed key: telemetry_83_277434392672477 -> telemetry_83_277434392672477_processed
[INFO] Thread 131551291504192 processed key: telemetry_25_277434377274667 -> telemetry_25_277434377274667_processed
[INFO] Thread 131551283107392 processed key: telemetry_99_277434357524485 -> telemetry_99_277434357524485_processed
[INFO] Thread 131554433025600 processed key: telemetry_55_277434424495277 -> telemetry_55_277434424495277_processed
[INFO] Thread 131552612689472 processed key: telemetry_50_277434378033268 -> telemetry_50_277434378033268_processed
[INFO] Thread 131552344254016 processed key: telemetry_70_277434386948890 -> telemetry_70_277434386948890_processed
[INFO] Thread 131552348452416 processed key: telemetry_79_277434382043430 -> telemetry_79_277434382043430_processed
[INFO] Thread 131551253718592 processed key: telemetry_32_277434386190713 -> telemetry_32_277434386190713_processed
[INFO] Thread 131552323262016 processed key: telemetry_39_277434232757356 -> telemetry_39_277434232757356_processed
[INFO] Thread 131552579102272 processed key: telemetry_68_277434387374491 -> telemetry_68_277434387374491_processed
[INFO] Thread 131552629483072 processed key: telemetry_59_277434385623639 -> telemetry_59_277434385623639_processed
[INFO] Thread 131553770333760 processed key: telemetry_73_277434355933517 -> telemetry_73_277434355933517_processed
[INFO] Thread 131552633681472 processed key: telemetry_58_277434370519221 -> telemetry_58_277434370519221_processed
[INFO] Thread 131554403636800 processed key: telemetry_71_277434389750859 -> telemetry_71_277434389750859_processed
[INFO] Thread 131552604292672 processed key: telemetry_86_277434411262344 -> telemetry_86_277434411262344_processed
[INFO] Thread 131554420430400 processed key: telemetry_57_277434388523168 -> telemetry_57_277434388523168_processed
[INFO] Thread 131552327460416 processed key: telemetry_11_277434434168266 -> telemetry_11_277434434168266_processed
[INFO] Thread 131554399438400 processed key: telemetry_23_277434357934813 -> telemetry_23_277434357934813_processed
[INFO] Thread 131554437224000 processed key: telemetry_9_277434397042623 -> telemetry_9_277434397042623_processed
[INFO] Thread 131551262115392 processed key: telemetry_89_277434397036884 -> telemetry_89_277434397036884_processed
[INFO] Thread 131552600094272 processed key: telemetry_26_277434357741506 -> telemetry_26_277434357741506_processed
[INFO] Thread 131553774532160 processed key: telemetry_69_277434359854683 -> telemetry_69_277434359854683_processed
[INFO] Thread 131554386843200 processed key: telemetry_85_277434376790855 -> telemetry_85_277434376790855_processed
[INFO] Thread 131551257916992 processed key: telemetry_60_277434387286653 -> telemetry_60_277434387286653_processed
[INFO] Thread 131553753540160 processed key: telemetry_4_277434355044898 -> telemetry_4_277434355044898_processed
[INFO] Thread 131553736746560 processed key: telemetry_38_277434184164076 -> telemetry_38_277434184164076_processed
[INFO] Thread 131553757738560 processed key: telemetry_97_277434356602364 -> telemetry_97_277434356602364_processed
[INFO] Thread 131553745143360 processed key: telemetry_90_277434377217015 -> telemetry_90_277434377217015_processed
[INFO] Thread 131551287305792 processed key: telemetry_3_277434386917767 -> telemetry_3_277434386917767_processed
[INFO] Thread 131553761936960 processed key: telemetry_35_277434340726645 -> telemetry_35_277434340726645_processed
[INFO] Thread 131554424628800 processed key: telemetry_18_277434378896358 -> telemetry_18_277434378896358_processed
[INFO] Thread 131551266313792 processed key: telemetry_7_277434403814332 -> telemetry_7_277434403814332_processed
[INFO] Thread 131554407835200 processed key: telemetry_96_277434383804854 -> telemetry_96_277434383804854_processed
[INFO] Thread 131553728349760 processed key: telemetry_40_277434352414607 -> telemetry_40_277434352414607_processed
[INFO] Thread 131552616887872 processed key: telemetry_43_277434315594372 -> telemetry_43_277434315594372_processed
[INFO] Thread 131554416232000 processed key: telemetry_94_277434394142338 -> telemetry_94_277434394142338_processed
[INFO] Thread 131554395240000 processed key: telemetry_1_277434369521011 -> telemetry_1_277434369521011_processed
[INFO] Thread 131554663683648 processed key: telemetry_91_277434436840331 -> telemetry_91_277434436840331_processed
[INFO] Thread 131551274710592 processed key: telemetry_82_277434392499504 -> telemetry_82_277434392499504_processed
[INFO] Thread 131553749341760 processed key: telemetry_20_277434382371647 -> telemetry_20_277434382371647_processed
[INFO] Thread 131554391041600 processed key: telemetry_6_277434368632496 -> telemetry_6_277434368632496_processed
[INFO] Thread 131552310666816 processed key: telemetry_81_277434390126096 -> telemetry_81_277434390126096_processed
[INFO] Thread 131552335857216 processed key: telemetry_33_277434376379189 -> telemetry_33_277434376379189_processed
[INFO] Thread 131553719952960 processed key: telemetry_19_277434381365464 -> telemetry_19_277434381365464_processed
[INFO] Thread 131553715754560 processed key: telemetry_64_277434337495526 -> telemetry_64_277434337495526_processed
[INFO] Thread 131553724151360 processed key: telemetry_98_277434394851689 -> telemetry_98_277434394851689_processed
[INFO] Thread 131554412033600 processed key: telemetry_51_277434353076131 -> telemetry_51_277434353076131_processed
[INFO] Thread 131552625284672 processed key: telemetry_0_277434131538951 -> telemetry_0_277434131538951_processed
[INFO] Thread 131552587499072 processed key: telemetry_24_277434286780522 -> telemetry_24_277434286780522_processed
[INFO] Thread 131554696738432 processed key: telemetry_95_277434340106351 -> telemetry_95_277434340106351_processed
[INFO] Thread 131554688874048 processed key: telemetry_37_277434356335772 -> telemetry_37_277434356335772_processed
[INFO] Thread 131554428827200 processed key: telemetry_49_277434383529403 -> telemetry_49_277434383529403_processed
[INFO] Thread 131554676278848 processed key: telemetry_65_277434387398543 -> telemetry_65_277434387398543_processed
[INFO] Thread 131554684675648 processed key: telemetry_2_277434361917861 -> telemetry_2_277434361917861_processed
[INFO] Thread 131554672080448 processed key: telemetry_10_277434396075629 -> telemetry_10_277434396075629_processed
[INFO] Thread 131554445620800 processed key: telemetry_93_277434383396318 -> telemetry_93_277434383396318_processed
[INFO] Thread 131554441422400 processed key: telemetry_41_277434371422236 -> telemetry_41_277434371422236_processed
[INFO] Thread 131554655286848 processed key: telemetry_28_277434382706090 -> telemetry_28_277434382706090_processed
[INFO] Thread 131554667882048 processed key: telemetry_61_277434380108811 -> telemetry_61_277434380108811_processed
[INFO] Thread 131554680477248 processed key: telemetry_48_277434376427305 -> telemetry_48_277434376427305_processed
[INFO] Thread 131554659485248 processed key: telemetry_27_277434369267852 -> telemetry_27_277434369267852_processed
[INFO] Thread 131552591697472 processed key: telemetry_8_277434422553580 -> telemetry_8_277434422553580_processed
[INFO] Thread 131552583300672 processed key: telemetry_62_277434368897420 -> telemetry_62_277434368897420_processed
[INFO] Thread 131552574903872 processed key: telemetry_31_277434378885503 -> telemetry_31_277434378885503_processed
[INFO] Thread 131552319063616 processed key: telemetry_29_277434389722558 -> telemetry_29_277434389722558_processed
[INFO] Thread 131552608491072 processed key: telemetry_74_277434333378144 -> telemetry_74_277434333378144_processed
[INFO] Thread 131551270512192 processed key: telemetry_42_277434387655911 -> telemetry_42_277434387655911_processed
[INFO] Thread 131551278908992 processed key: telemetry_45_277434371273509 -> telemetry_45_277434371273509_processed
[INFO] Thread 131553740944960 processed key: telemetry_34_277434381267938 -> telemetry_34_277434381267938_processed
[INFO] Processing completed for all Redis keys
	Command being timed: "./processor 10000 100"
	User time (seconds): 44.23
	System time (seconds): 12.61
	Percent of CPU this job got: 4749%
	Elapsed (wall clock) time (h:mm:ss or m:ss): 0:01.19
	Average shared text size (kbytes): 0
	Average unshared data size (kbytes): 0
	Average stack size (kbytes): 0
	Average total size (kbytes): 0
	Maximum resident set size (kbytes): 1091020
	Average resident set size (kbytes): 0
	Major (requiring I/O) page faults: 1
	Minor (reclaiming a frame) page faults: 291130
	Voluntary context switches: 29211
	Involuntary context switches: 2893
	Swaps: 0
	File system inputs: 248
	File system outputs: 0
	Socket messages sent: 0
	Socket messages received: 0
	Signals delivered: 0
	Page size (bytes): 4096
	Exit status: 0

===== METRICS (container_mt) =====
Latency (s):         1.209
CPU Utilization (%): 4701.4
Memory Usage (MB):   1065.44
CPU Cores Used:      3
Cores List:          4 9 24
